  Audio.cpp
  Project.cpp
c:\users\haral\desktop\advanced games programming\project\project\project.cpp(28): warning C4244: 'argument': conversion from 'float' to 'int', possible loss of data
c:\users\haral\desktop\advanced games programming\project\project\project.cpp(47): warning C4244: 'argument': conversion from 'T' to 'float', possible loss of data
          with
          [
              T=unsigned int
          ]
c:\users\haral\desktop\advanced games programming\project\project\project.cpp(57): warning C4244: 'argument': conversion from 'T' to 'float', possible loss of data
          with
          [
              T=unsigned int
          ]
c:\users\haral\desktop\advanced games programming\project\project\project.cpp(178): warning C4018: '<': signed/unsigned mismatch
c:\users\haral\desktop\advanced games programming\project\project\project.cpp(193): warning C4018: '<': signed/unsigned mismatch
c:\users\haral\desktop\advanced games programming\project\project\project.cpp(230): warning C4018: '<': signed/unsigned mismatch
c:\users\haral\desktop\advanced games programming\project\project\project.cpp(265): warning C4018: '<': signed/unsigned mismatch
c:\users\haral\desktop\advanced games programming\project\project\project.cpp(279): warning C4018: '<': signed/unsigned mismatch
c:\users\haral\desktop\advanced games programming\project\project\project.cpp(292): warning C4018: '<': signed/unsigned mismatch
  Generating Code...
  Project.vcxproj -> C:\Users\haral\Desktop\Advanced Games Programming\Project\Debug\Project.exe
