c:\users\haral\desktop\advanced games programming\project\project\debug\vc141.pdb
c:\users\haral\desktop\advanced games programming\project\project\debug\vc141.idb
c:\users\haral\desktop\advanced games programming\project\project\debug\weapons.obj
c:\users\haral\desktop\advanced games programming\project\project\debug\project.obj
c:\users\haral\desktop\advanced games programming\project\project\debug\player.obj
c:\users\haral\desktop\advanced games programming\project\project\debug\contactlistener.obj
c:\users\haral\desktop\advanced games programming\project\project\debug\project.pch
c:\users\haral\desktop\advanced games programming\project\project\debug\pch.obj
c:\users\haral\desktop\advanced games programming\project\project\debug\environment.obj
c:\users\haral\desktop\advanced games programming\project\project\debug\menu.obj
c:\users\haral\desktop\advanced games programming\project\project\debug\server.obj
c:\users\haral\desktop\advanced games programming\project\project\debug\client.obj
c:\users\haral\desktop\advanced games programming\project\debug\project.exe
c:\users\haral\desktop\advanced games programming\project\debug\project.ilk
c:\users\haral\desktop\advanced games programming\project\debug\project.pdb
c:\users\haral\desktop\advanced games programming\project\project\debug\project.tlog\cl.command.1.tlog
c:\users\haral\desktop\advanced games programming\project\project\debug\project.tlog\cl.read.1.tlog
c:\users\haral\desktop\advanced games programming\project\project\debug\project.tlog\cl.write.1.tlog
c:\users\haral\desktop\advanced games programming\project\project\debug\project.tlog\link.command.1.tlog
c:\users\haral\desktop\advanced games programming\project\project\debug\project.tlog\link.read.1.tlog
c:\users\haral\desktop\advanced games programming\project\project\debug\project.tlog\link.write.1.tlog
